<?xml version="1.0" encoding="UTF-8"?>
<!-- Generated by org.testng.reporters.JUnitReportReporter -->
<testsuite skipped="0" hostname="user-PC" name="Runner.testRunner" tests="1" failures="0" timestamp="18 Sep 2020 16:29:56 GMT" time="133.559" errors="0">
  <testcase name="feature" time="133.559" classname="Runner.testRunner"/>
</testsuite> <!-- Runner.testRunner -->
