<?xml version="1.0" encoding="UTF-8"?>
<!-- Generated by org.testng.reporters.JUnitReportReporter -->
<testsuite skipped="0" hostname="user-PC" name="Runner.testRunner" tests="1" failures="0" timestamp="20 Sep 2020 16:23:45 GMT" time="117.307" errors="0">
  <testcase name="feature" time="117.307" classname="Runner.testRunner"/>
</testsuite> <!-- Runner.testRunner -->
